2015-10-27 13:04:33 Error: [MissingActionException] Action AppController::webroot() could not be found.
Exception Attributes: array (
  'controller' => 'AppController',
  'action' => 'webroot',
)
Request URL: /app/webroot/recipes/
Stack Trace:
#0 /home/kkrystek/domains/mariusz.kgtech.pl/public_html/lib/Cake/Routing/Dispatcher.php(193): Controller->invokeAction(Object(CakeRequest))
#1 /home/kkrystek/domains/mariusz.kgtech.pl/public_html/lib/Cake/Routing/Dispatcher.php(167): Dispatcher->_invoke(Object(AppController), Object(CakeRequest))
#2 /home/kkrystek/domains/mariusz.kgtech.pl/public_html/app/webroot/index.php(118): Dispatcher->dispatch(Object(CakeRequest), Object(CakeResponse))
#3 {main}
2015-10-27 13:04:40 Error: [MissingActionException] Action AppController::webroot() could not be found.
Exception Attributes: array (
  'controller' => 'AppController',
  'action' => 'webroot',
)
Request URL: /app/webroot/recipes/
Stack Trace:
#0 /home/kkrystek/domains/mariusz.kgtech.pl/public_html/lib/Cake/Routing/Dispatcher.php(193): Controller->invokeAction(Object(CakeRequest))
#1 /home/kkrystek/domains/mariusz.kgtech.pl/public_html/lib/Cake/Routing/Dispatcher.php(167): Dispatcher->_invoke(Object(AppController), Object(CakeRequest))
#2 /home/kkrystek/domains/mariusz.kgtech.pl/public_html/app/webroot/index.php(118): Dispatcher->dispatch(Object(CakeRequest), Object(CakeResponse))
#3 {main}
2015-10-27 13:04:45 Error: [MissingActionException] Action AppController::webroot() could not be found.
Exception Attributes: array (
  'controller' => 'AppController',
  'action' => 'webroot',
)
Request URL: /app/webroot/recipes/
Stack Trace:
#0 /home/kkrystek/domains/mariusz.kgtech.pl/public_html/lib/Cake/Routing/Dispatcher.php(193): Controller->invokeAction(Object(CakeRequest))
#1 /home/kkrystek/domains/mariusz.kgtech.pl/public_html/lib/Cake/Routing/Dispatcher.php(167): Dispatcher->_invoke(Object(AppController), Object(CakeRequest))
#2 /home/kkrystek/domains/mariusz.kgtech.pl/public_html/app/webroot/index.php(118): Dispatcher->dispatch(Object(CakeRequest), Object(CakeResponse))
#3 {main}
2015-10-27 13:06:35 Error: [MissingActionException] Action AppController::webroot() could not be found.
Exception Attributes: array (
  'controller' => 'AppController',
  'action' => 'webroot',
)
Request URL: /app/webroot/recipes/
Stack Trace:
#0 /home/kkrystek/domains/mariusz.kgtech.pl/public_html/lib/Cake/Routing/Dispatcher.php(193): Controller->invokeAction(Object(CakeRequest))
#1 /home/kkrystek/domains/mariusz.kgtech.pl/public_html/lib/Cake/Routing/Dispatcher.php(167): Dispatcher->_invoke(Object(AppController), Object(CakeRequest))
#2 /home/kkrystek/domains/mariusz.kgtech.pl/public_html/app/webroot/index.php(118): Dispatcher->dispatch(Object(CakeRequest), Object(CakeResponse))
#3 {main}
2015-10-27 13:22:44 Error: [MissingControllerException] Controller class Wpad.datController could not be found.
Exception Attributes: array (
  'class' => 'Wpad.datController',
  'plugin' => NULL,
)
Request URL: /wpad.dat
Stack Trace:
#0 C:\xampp\htdocs\app\webroot\index.php(118): Dispatcher->dispatch(Object(CakeRequest), Object(CakeResponse))
#1 {main}
2015-10-27 13:23:14 Error: [MissingControllerException] Controller class Wpad.datController could not be found.
Exception Attributes: array (
  'class' => 'Wpad.datController',
  'plugin' => NULL,
)
Request URL: /wpad.dat
Stack Trace:
#0 C:\xampp\htdocs\app\webroot\index.php(118): Dispatcher->dispatch(Object(CakeRequest), Object(CakeResponse))
#1 {main}
2015-10-27 13:23:14 Error: [MissingControllerException] Controller class Wpad.datController could not be found.
Exception Attributes: array (
  'class' => 'Wpad.datController',
  'plugin' => NULL,
)
Request URL: /wpad.dat
Stack Trace:
#0 C:\xampp\htdocs\app\webroot\index.php(118): Dispatcher->dispatch(Object(CakeRequest), Object(CakeResponse))
#1 {main}
2015-10-27 13:23:14 Error: [MissingControllerException] Controller class Wpad.datController could not be found.
Exception Attributes: array (
  'class' => 'Wpad.datController',
  'plugin' => NULL,
)
Request URL: /wpad.dat
Stack Trace:
#0 C:\xampp\htdocs\app\webroot\index.php(118): Dispatcher->dispatch(Object(CakeRequest), Object(CakeResponse))
#1 {main}
2015-10-27 13:23:15 Error: [MissingControllerException] Controller class Wpad.datController could not be found.
Exception Attributes: array (
  'class' => 'Wpad.datController',
  'plugin' => NULL,
)
Request URL: /wpad.dat
Stack Trace:
#0 C:\xampp\htdocs\app\webroot\index.php(118): Dispatcher->dispatch(Object(CakeRequest), Object(CakeResponse))
#1 {main}
2015-10-27 13:23:15 Error: [MissingControllerException] Controller class Wpad.datController could not be found.
Exception Attributes: array (
  'class' => 'Wpad.datController',
  'plugin' => NULL,
)
Request URL: /wpad.dat
Stack Trace:
#0 C:\xampp\htdocs\app\webroot\index.php(118): Dispatcher->dispatch(Object(CakeRequest), Object(CakeResponse))
#1 {main}
2015-10-27 13:23:15 Error: [MissingControllerException] Controller class Wpad.datController could not be found.
Exception Attributes: array (
  'class' => 'Wpad.datController',
  'plugin' => NULL,
)
Request URL: /wpad.dat
Stack Trace:
#0 C:\xampp\htdocs\app\webroot\index.php(118): Dispatcher->dispatch(Object(CakeRequest), Object(CakeResponse))
#1 {main}
2015-10-27 13:23:15 Error: [MissingControllerException] Controller class Wpad.datController could not be found.
Exception Attributes: array (
  'class' => 'Wpad.datController',
  'plugin' => NULL,
)
Request URL: /wpad.dat
Stack Trace:
#0 C:\xampp\htdocs\app\webroot\index.php(118): Dispatcher->dispatch(Object(CakeRequest), Object(CakeResponse))
#1 {main}
2015-10-27 13:23:15 Error: [MissingControllerException] Controller class Wpad.datController could not be found.
Exception Attributes: array (
  'class' => 'Wpad.datController',
  'plugin' => NULL,
)
Request URL: /wpad.dat
Stack Trace:
#0 C:\xampp\htdocs\app\webroot\index.php(118): Dispatcher->dispatch(Object(CakeRequest), Object(CakeResponse))
#1 {main}
2015-10-27 13:23:15 Error: [MissingControllerException] Controller class Wpad.datController could not be found.
Exception Attributes: array (
  'class' => 'Wpad.datController',
  'plugin' => NULL,
)
Request URL: /wpad.dat
Stack Trace:
#0 C:\xampp\htdocs\app\webroot\index.php(118): Dispatcher->dispatch(Object(CakeRequest), Object(CakeResponse))
#1 {main}
2015-10-27 13:23:15 Error: [MissingControllerException] Controller class Wpad.datController could not be found.
Exception Attributes: array (
  'class' => 'Wpad.datController',
  'plugin' => NULL,
)
Request URL: /wpad.dat
Stack Trace:
#0 C:\xampp\htdocs\app\webroot\index.php(118): Dispatcher->dispatch(Object(CakeRequest), Object(CakeResponse))
#1 {main}
2015-10-27 13:23:15 Error: [MissingControllerException] Controller class Wpad.datController could not be found.
Exception Attributes: array (
  'class' => 'Wpad.datController',
  'plugin' => NULL,
)
Request URL: /wpad.dat
Stack Trace:
#0 C:\xampp\htdocs\app\webroot\index.php(118): Dispatcher->dispatch(Object(CakeRequest), Object(CakeResponse))
#1 {main}
2015-10-27 13:23:16 Error: [MissingControllerException] Controller class Wpad.datController could not be found.
Exception Attributes: array (
  'class' => 'Wpad.datController',
  'plugin' => NULL,
)
Request URL: /wpad.dat
Stack Trace:
#0 C:\xampp\htdocs\app\webroot\index.php(118): Dispatcher->dispatch(Object(CakeRequest), Object(CakeResponse))
#1 {main}
2015-10-27 13:23:16 Error: [MissingControllerException] Controller class Wpad.datController could not be found.
Exception Attributes: array (
  'class' => 'Wpad.datController',
  'plugin' => NULL,
)
Request URL: /wpad.dat
Stack Trace:
#0 C:\xampp\htdocs\app\webroot\index.php(118): Dispatcher->dispatch(Object(CakeRequest), Object(CakeResponse))
#1 {main}
2015-10-27 13:23:16 Error: [MissingControllerException] Controller class Wpad.datController could not be found.
Exception Attributes: array (
  'class' => 'Wpad.datController',
  'plugin' => NULL,
)
Request URL: /wpad.dat
Stack Trace:
#0 C:\xampp\htdocs\app\webroot\index.php(118): Dispatcher->dispatch(Object(CakeRequest), Object(CakeResponse))
#1 {main}
2015-10-27 13:23:16 Error: [MissingControllerException] Controller class Wpad.datController could not be found.
Exception Attributes: array (
  'class' => 'Wpad.datController',
  'plugin' => NULL,
)
Request URL: /wpad.dat
Stack Trace:
#0 C:\xampp\htdocs\app\webroot\index.php(118): Dispatcher->dispatch(Object(CakeRequest), Object(CakeResponse))
#1 {main}
2015-10-27 13:23:16 Error: [MissingControllerException] Controller class Wpad.datController could not be found.
Exception Attributes: array (
  'class' => 'Wpad.datController',
  'plugin' => NULL,
)
Request URL: /wpad.dat
Stack Trace:
#0 C:\xampp\htdocs\app\webroot\index.php(118): Dispatcher->dispatch(Object(CakeRequest), Object(CakeResponse))
#1 {main}
2015-10-27 13:23:16 Error: [MissingControllerException] Controller class Wpad.datController could not be found.
Exception Attributes: array (
  'class' => 'Wpad.datController',
  'plugin' => NULL,
)
Request URL: /wpad.dat
Stack Trace:
#0 C:\xampp\htdocs\app\webroot\index.php(118): Dispatcher->dispatch(Object(CakeRequest), Object(CakeResponse))
#1 {main}
2015-10-27 13:23:16 Error: [MissingControllerException] Controller class Wpad.datController could not be found.
Exception Attributes: array (
  'class' => 'Wpad.datController',
  'plugin' => NULL,
)
Request URL: /wpad.dat
Stack Trace:
#0 C:\xampp\htdocs\app\webroot\index.php(118): Dispatcher->dispatch(Object(CakeRequest), Object(CakeResponse))
#1 {main}
2015-10-27 13:23:16 Error: [MissingControllerException] Controller class Wpad.datController could not be found.
Exception Attributes: array (
  'class' => 'Wpad.datController',
  'plugin' => NULL,
)
Request URL: /wpad.dat
Stack Trace:
#0 C:\xampp\htdocs\app\webroot\index.php(118): Dispatcher->dispatch(Object(CakeRequest), Object(CakeResponse))
#1 {main}
2015-10-27 13:23:17 Error: [MissingControllerException] Controller class Wpad.datController could not be found.
Exception Attributes: array (
  'class' => 'Wpad.datController',
  'plugin' => NULL,
)
Request URL: /wpad.dat
Stack Trace:
#0 C:\xampp\htdocs\app\webroot\index.php(118): Dispatcher->dispatch(Object(CakeRequest), Object(CakeResponse))
#1 {main}
2015-10-27 13:23:17 Error: [MissingControllerException] Controller class Wpad.datController could not be found.
Exception Attributes: array (
  'class' => 'Wpad.datController',
  'plugin' => NULL,
)
Request URL: /wpad.dat
Stack Trace:
#0 C:\xampp\htdocs\app\webroot\index.php(118): Dispatcher->dispatch(Object(CakeRequest), Object(CakeResponse))
#1 {main}
2015-10-27 13:23:17 Error: [MissingControllerException] Controller class Wpad.datController could not be found.
Exception Attributes: array (
  'class' => 'Wpad.datController',
  'plugin' => NULL,
)
Request URL: /wpad.dat
Stack Trace:
#0 C:\xampp\htdocs\app\webroot\index.php(118): Dispatcher->dispatch(Object(CakeRequest), Object(CakeResponse))
#1 {main}
2015-10-27 13:36:01 Error: [MissingControllerException] Controller class Wpad.datController could not be found.
Exception Attributes: array (
  'class' => 'Wpad.datController',
  'plugin' => NULL,
)
Request URL: /wpad.dat
Stack Trace:
#0 C:\xampp\htdocs\app\webroot\index.php(118): Dispatcher->dispatch(Object(CakeRequest), Object(CakeResponse))
#1 {main}
2015-10-27 13:37:43 Error: [MissingControllerException] Controller class Wpad.datController could not be found.
Exception Attributes: array (
  'class' => 'Wpad.datController',
  'plugin' => NULL,
)
Request URL: /wpad.dat
Stack Trace:
#0 C:\xampp\htdocs\app\webroot\index.php(118): Dispatcher->dispatch(Object(CakeRequest), Object(CakeResponse))
#1 {main}
2015-10-27 13:37:43 Error: [MissingControllerException] Controller class Wpad.datController could not be found.
Exception Attributes: array (
  'class' => 'Wpad.datController',
  'plugin' => NULL,
)
Request URL: /wpad.dat
Stack Trace:
#0 C:\xampp\htdocs\app\webroot\index.php(118): Dispatcher->dispatch(Object(CakeRequest), Object(CakeResponse))
#1 {main}
2015-10-27 13:44:00 Error: [MissingControllerException] Controller class Wpad.datController could not be found.
Exception Attributes: array (
  'class' => 'Wpad.datController',
  'plugin' => NULL,
)
Request URL: /wpad.dat
Stack Trace:
#0 C:\xampp\htdocs\app\webroot\index.php(118): Dispatcher->dispatch(Object(CakeRequest), Object(CakeResponse))
#1 {main}
2015-10-27 13:44:24 Error: [MissingControllerException] Controller class Wpad.datController could not be found.
Exception Attributes: array (
  'class' => 'Wpad.datController',
  'plugin' => NULL,
)
Request URL: /wpad.dat
Stack Trace:
#0 C:\xampp\htdocs\app\webroot\index.php(118): Dispatcher->dispatch(Object(CakeRequest), Object(CakeResponse))
#1 {main}
2015-10-27 13:44:24 Error: [MissingControllerException] Controller class Wpad.datController could not be found.
Exception Attributes: array (
  'class' => 'Wpad.datController',
  'plugin' => NULL,
)
Request URL: /wpad.dat
Stack Trace:
#0 C:\xampp\htdocs\app\webroot\index.php(118): Dispatcher->dispatch(Object(CakeRequest), Object(CakeResponse))
#1 {main}
2015-10-27 13:44:25 Error: [MissingControllerException] Controller class Wpad.datController could not be found.
Exception Attributes: array (
  'class' => 'Wpad.datController',
  'plugin' => NULL,
)
Request URL: /wpad.dat
Stack Trace:
#0 C:\xampp\htdocs\app\webroot\index.php(118): Dispatcher->dispatch(Object(CakeRequest), Object(CakeResponse))
#1 {main}
2015-10-27 13:44:25 Error: [MissingControllerException] Controller class Wpad.datController could not be found.
Exception Attributes: array (
  'class' => 'Wpad.datController',
  'plugin' => NULL,
)
Request URL: /wpad.dat
Stack Trace:
#0 C:\xampp\htdocs\app\webroot\index.php(118): Dispatcher->dispatch(Object(CakeRequest), Object(CakeResponse))
#1 {main}
2015-10-27 13:44:25 Error: [MissingControllerException] Controller class Wpad.datController could not be found.
Exception Attributes: array (
  'class' => 'Wpad.datController',
  'plugin' => NULL,
)
Request URL: /wpad.dat
Stack Trace:
#0 C:\xampp\htdocs\app\webroot\index.php(118): Dispatcher->dispatch(Object(CakeRequest), Object(CakeResponse))
#1 {main}
2015-10-27 13:44:25 Error: [MissingControllerException] Controller class Wpad.datController could not be found.
Exception Attributes: array (
  'class' => 'Wpad.datController',
  'plugin' => NULL,
)
Request URL: /wpad.dat
Stack Trace:
#0 C:\xampp\htdocs\app\webroot\index.php(118): Dispatcher->dispatch(Object(CakeRequest), Object(CakeResponse))
#1 {main}
2015-10-27 13:44:25 Error: [MissingControllerException] Controller class Wpad.datController could not be found.
Exception Attributes: array (
  'class' => 'Wpad.datController',
  'plugin' => NULL,
)
Request URL: /wpad.dat
Stack Trace:
#0 C:\xampp\htdocs\app\webroot\index.php(118): Dispatcher->dispatch(Object(CakeRequest), Object(CakeResponse))
#1 {main}
2015-10-27 13:44:25 Error: [MissingControllerException] Controller class Wpad.datController could not be found.
Exception Attributes: array (
  'class' => 'Wpad.datController',
  'plugin' => NULL,
)
Request URL: /wpad.dat
Stack Trace:
#0 C:\xampp\htdocs\app\webroot\index.php(118): Dispatcher->dispatch(Object(CakeRequest), Object(CakeResponse))
#1 {main}
2015-10-27 13:44:26 Error: [MissingControllerException] Controller class Wpad.datController could not be found.
Exception Attributes: array (
  'class' => 'Wpad.datController',
  'plugin' => NULL,
)
Request URL: /wpad.dat
Stack Trace:
#0 C:\xampp\htdocs\app\webroot\index.php(118): Dispatcher->dispatch(Object(CakeRequest), Object(CakeResponse))
#1 {main}
2015-10-27 13:44:26 Error: [MissingControllerException] Controller class Wpad.datController could not be found.
Exception Attributes: array (
  'class' => 'Wpad.datController',
  'plugin' => NULL,
)
Request URL: /wpad.dat
Stack Trace:
#0 C:\xampp\htdocs\app\webroot\index.php(118): Dispatcher->dispatch(Object(CakeRequest), Object(CakeResponse))
#1 {main}
2015-10-27 13:48:41 Error: [MissingControllerException] Controller class Wpad.datController could not be found.
Exception Attributes: array (
  'class' => 'Wpad.datController',
  'plugin' => NULL,
)
Request URL: /wpad.dat
Stack Trace:
#0 C:\xampp\htdocs\app\webroot\index.php(118): Dispatcher->dispatch(Object(CakeRequest), Object(CakeResponse))
#1 {main}
2015-10-27 13:52:43 Error: [MissingControllerException] Controller class Wpad.datController could not be found.
Exception Attributes: array (
  'class' => 'Wpad.datController',
  'plugin' => NULL,
)
Request URL: /wpad.dat
Stack Trace:
#0 C:\xampp\htdocs\app\webroot\index.php(118): Dispatcher->dispatch(Object(CakeRequest), Object(CakeResponse))
#1 {main}
2015-10-27 14:03:21 Error: [MissingControllerException] Controller class Wpad.datController could not be found.
Exception Attributes: array (
  'class' => 'Wpad.datController',
  'plugin' => NULL,
)
Request URL: /wpad.dat
Stack Trace:
#0 C:\xampp\htdocs\app\webroot\index.php(118): Dispatcher->dispatch(Object(CakeRequest), Object(CakeResponse))
#1 {main}
2015-10-27 14:03:27 Error: [MissingControllerException] Controller class Wpad.datController could not be found.
Exception Attributes: array (
  'class' => 'Wpad.datController',
  'plugin' => NULL,
)
Request URL: /wpad.dat
Stack Trace:
#0 C:\xampp\htdocs\app\webroot\index.php(118): Dispatcher->dispatch(Object(CakeRequest), Object(CakeResponse))
#1 {main}
2015-10-27 14:03:36 Error: [MissingControllerException] Controller class Wpad.datController could not be found.
Exception Attributes: array (
  'class' => 'Wpad.datController',
  'plugin' => NULL,
)
Request URL: /wpad.dat
Stack Trace:
#0 C:\xampp\htdocs\app\webroot\index.php(118): Dispatcher->dispatch(Object(CakeRequest), Object(CakeResponse))
#1 {main}
2015-11-09 21:30:26 Error: [MissingActionException] Action RecipesController::deleteComment() could not be found.
Exception Attributes: array (
  'controller' => 'RecipesController',
  'action' => 'deleteComment',
)
Request URL: /recipes/deleteComment/13
Stack Trace:
#0 C:\xampp\htdocs\lib\Cake\Routing\Dispatcher.php(193): Controller->invokeAction(Object(CakeRequest))
#1 C:\xampp\htdocs\lib\Cake\Routing\Dispatcher.php(167): Dispatcher->_invoke(Object(RecipesController), Object(CakeRequest))
#2 C:\xampp\htdocs\app\webroot\index.php(118): Dispatcher->dispatch(Object(CakeRequest), Object(CakeResponse))
#3 {main}
2015-11-09 21:48:18 Error: [NotFoundException] Nieprawidłowy przepis.
Request URL: /recipes/view
Stack Trace:
#0 [internal function]: RecipesController->view()
#1 C:\xampp\htdocs\lib\Cake\Controller\Controller.php(490): ReflectionMethod->invokeArgs(Object(RecipesController), Array)
#2 C:\xampp\htdocs\lib\Cake\Routing\Dispatcher.php(193): Controller->invokeAction(Object(CakeRequest))
#3 C:\xampp\htdocs\lib\Cake\Routing\Dispatcher.php(167): Dispatcher->_invoke(Object(RecipesController), Object(CakeRequest))
#4 C:\xampp\htdocs\app\webroot\index.php(118): Dispatcher->dispatch(Object(CakeRequest), Object(CakeResponse))
#5 {main}
2015-11-10 12:06:58 Error: [MissingControllerException] Controller class Wpad.datController could not be found.
Exception Attributes: array (
  'class' => 'Wpad.datController',
  'plugin' => NULL,
)
Request URL: /wpad.dat
Stack Trace:
#0 C:\xampp\htdocs\app\webroot\index.php(118): Dispatcher->dispatch(Object(CakeRequest), Object(CakeResponse))
#1 {main}
2015-11-10 12:06:59 Error: [MissingControllerException] Controller class Wpad.datController could not be found.
Exception Attributes: array (
  'class' => 'Wpad.datController',
  'plugin' => NULL,
)
Request URL: /wpad.dat
Stack Trace:
#0 C:\xampp\htdocs\app\webroot\index.php(118): Dispatcher->dispatch(Object(CakeRequest), Object(CakeResponse))
#1 {main}
2015-11-10 12:06:59 Error: [MissingControllerException] Controller class Wpad.datController could not be found.
Exception Attributes: array (
  'class' => 'Wpad.datController',
  'plugin' => NULL,
)
Request URL: /wpad.dat
Stack Trace:
#0 C:\xampp\htdocs\app\webroot\index.php(118): Dispatcher->dispatch(Object(CakeRequest), Object(CakeResponse))
#1 {main}
2015-11-10 12:06:59 Error: [MissingControllerException] Controller class Wpad.datController could not be found.
Exception Attributes: array (
  'class' => 'Wpad.datController',
  'plugin' => NULL,
)
Request URL: /wpad.dat
Stack Trace:
#0 C:\xampp\htdocs\app\webroot\index.php(118): Dispatcher->dispatch(Object(CakeRequest), Object(CakeResponse))
#1 {main}
2015-11-10 12:06:59 Error: [MissingControllerException] Controller class Wpad.datController could not be found.
Exception Attributes: array (
  'class' => 'Wpad.datController',
  'plugin' => NULL,
)
Request URL: /wpad.dat
Stack Trace:
#0 C:\xampp\htdocs\app\webroot\index.php(118): Dispatcher->dispatch(Object(CakeRequest), Object(CakeResponse))
#1 {main}
2015-11-10 12:06:59 Error: [MissingControllerException] Controller class Wpad.datController could not be found.
Exception Attributes: array (
  'class' => 'Wpad.datController',
  'plugin' => NULL,
)
Request URL: /wpad.dat
Stack Trace:
#0 C:\xampp\htdocs\app\webroot\index.php(118): Dispatcher->dispatch(Object(CakeRequest), Object(CakeResponse))
#1 {main}
2015-11-10 12:06:59 Error: [MissingControllerException] Controller class Wpad.datController could not be found.
Exception Attributes: array (
  'class' => 'Wpad.datController',
  'plugin' => NULL,
)
Request URL: /wpad.dat
Stack Trace:
#0 C:\xampp\htdocs\app\webroot\index.php(118): Dispatcher->dispatch(Object(CakeRequest), Object(CakeResponse))
#1 {main}
2015-11-10 12:06:59 Error: [MissingControllerException] Controller class Wpad.datController could not be found.
Exception Attributes: array (
  'class' => 'Wpad.datController',
  'plugin' => NULL,
)
Request URL: /wpad.dat
Stack Trace:
#0 C:\xampp\htdocs\app\webroot\index.php(118): Dispatcher->dispatch(Object(CakeRequest), Object(CakeResponse))
#1 {main}
2015-11-10 12:07:00 Error: [MissingControllerException] Controller class Wpad.datController could not be found.
Exception Attributes: array (
  'class' => 'Wpad.datController',
  'plugin' => NULL,
)
Request URL: /wpad.dat
Stack Trace:
#0 C:\xampp\htdocs\app\webroot\index.php(118): Dispatcher->dispatch(Object(CakeRequest), Object(CakeResponse))
#1 {main}
2015-11-10 12:07:00 Error: [MissingControllerException] Controller class Wpad.datController could not be found.
Exception Attributes: array (
  'class' => 'Wpad.datController',
  'plugin' => NULL,
)
Request URL: /wpad.dat
Stack Trace:
#0 C:\xampp\htdocs\app\webroot\index.php(118): Dispatcher->dispatch(Object(CakeRequest), Object(CakeResponse))
#1 {main}
2015-11-10 12:07:00 Error: [MissingControllerException] Controller class Wpad.datController could not be found.
Exception Attributes: array (
  'class' => 'Wpad.datController',
  'plugin' => NULL,
)
Request URL: /wpad.dat
Stack Trace:
#0 C:\xampp\htdocs\app\webroot\index.php(118): Dispatcher->dispatch(Object(CakeRequest), Object(CakeResponse))
#1 {main}
2015-11-10 12:07:00 Error: [MissingControllerException] Controller class Wpad.datController could not be found.
Exception Attributes: array (
  'class' => 'Wpad.datController',
  'plugin' => NULL,
)
Request URL: /wpad.dat
Stack Trace:
#0 C:\xampp\htdocs\app\webroot\index.php(118): Dispatcher->dispatch(Object(CakeRequest), Object(CakeResponse))
#1 {main}
2015-11-10 12:07:00 Error: [MissingControllerException] Controller class Wpad.datController could not be found.
Exception Attributes: array (
  'class' => 'Wpad.datController',
  'plugin' => NULL,
)
Request URL: /wpad.dat
Stack Trace:
#0 C:\xampp\htdocs\app\webroot\index.php(118): Dispatcher->dispatch(Object(CakeRequest), Object(CakeResponse))
#1 {main}
2015-11-10 12:07:00 Error: [MissingControllerException] Controller class Wpad.datController could not be found.
Exception Attributes: array (
  'class' => 'Wpad.datController',
  'plugin' => NULL,
)
Request URL: /wpad.dat
Stack Trace:
#0 C:\xampp\htdocs\app\webroot\index.php(118): Dispatcher->dispatch(Object(CakeRequest), Object(CakeResponse))
#1 {main}
2015-11-10 12:07:00 Error: [MissingControllerException] Controller class Wpad.datController could not be found.
Exception Attributes: array (
  'class' => 'Wpad.datController',
  'plugin' => NULL,
)
Request URL: /wpad.dat
Stack Trace:
#0 C:\xampp\htdocs\app\webroot\index.php(118): Dispatcher->dispatch(Object(CakeRequest), Object(CakeResponse))
#1 {main}
2015-11-10 12:07:00 Error: [MissingControllerException] Controller class Wpad.datController could not be found.
Exception Attributes: array (
  'class' => 'Wpad.datController',
  'plugin' => NULL,
)
Request URL: /wpad.dat
Stack Trace:
#0 C:\xampp\htdocs\app\webroot\index.php(118): Dispatcher->dispatch(Object(CakeRequest), Object(CakeResponse))
#1 {main}
2015-11-10 12:07:00 Error: [MissingControllerException] Controller class Wpad.datController could not be found.
Exception Attributes: array (
  'class' => 'Wpad.datController',
  'plugin' => NULL,
)
Request URL: /wpad.dat
Stack Trace:
#0 C:\xampp\htdocs\app\webroot\index.php(118): Dispatcher->dispatch(Object(CakeRequest), Object(CakeResponse))
#1 {main}
2015-11-10 12:07:01 Error: [MissingControllerException] Controller class Wpad.datController could not be found.
Exception Attributes: array (
  'class' => 'Wpad.datController',
  'plugin' => NULL,
)
Request URL: /wpad.dat
Stack Trace:
#0 C:\xampp\htdocs\app\webroot\index.php(118): Dispatcher->dispatch(Object(CakeRequest), Object(CakeResponse))
#1 {main}
2015-11-10 12:07:01 Error: [MissingControllerException] Controller class Wpad.datController could not be found.
Exception Attributes: array (
  'class' => 'Wpad.datController',
  'plugin' => NULL,
)
Request URL: /wpad.dat
Stack Trace:
#0 C:\xampp\htdocs\app\webroot\index.php(118): Dispatcher->dispatch(Object(CakeRequest), Object(CakeResponse))
#1 {main}
2015-11-10 12:07:01 Error: [MissingControllerException] Controller class Wpad.datController could not be found.
Exception Attributes: array (
  'class' => 'Wpad.datController',
  'plugin' => NULL,
)
Request URL: /wpad.dat
Stack Trace:
#0 C:\xampp\htdocs\app\webroot\index.php(118): Dispatcher->dispatch(Object(CakeRequest), Object(CakeResponse))
#1 {main}
2015-11-10 12:07:01 Error: [MissingControllerException] Controller class Wpad.datController could not be found.
Exception Attributes: array (
  'class' => 'Wpad.datController',
  'plugin' => NULL,
)
Request URL: /wpad.dat
Stack Trace:
#0 C:\xampp\htdocs\app\webroot\index.php(118): Dispatcher->dispatch(Object(CakeRequest), Object(CakeResponse))
#1 {main}
2015-11-10 12:07:01 Error: [MissingControllerException] Controller class Wpad.datController could not be found.
Exception Attributes: array (
  'class' => 'Wpad.datController',
  'plugin' => NULL,
)
Request URL: /wpad.dat
Stack Trace:
#0 C:\xampp\htdocs\app\webroot\index.php(118): Dispatcher->dispatch(Object(CakeRequest), Object(CakeResponse))
#1 {main}
2015-11-10 12:07:01 Error: [MissingControllerException] Controller class Wpad.datController could not be found.
Exception Attributes: array (
  'class' => 'Wpad.datController',
  'plugin' => NULL,
)
Request URL: /wpad.dat
Stack Trace:
#0 C:\xampp\htdocs\app\webroot\index.php(118): Dispatcher->dispatch(Object(CakeRequest), Object(CakeResponse))
#1 {main}
2015-11-10 12:07:01 Error: [MissingControllerException] Controller class Wpad.datController could not be found.
Exception Attributes: array (
  'class' => 'Wpad.datController',
  'plugin' => NULL,
)
Request URL: /wpad.dat
Stack Trace:
#0 C:\xampp\htdocs\app\webroot\index.php(118): Dispatcher->dispatch(Object(CakeRequest), Object(CakeResponse))
#1 {main}
2015-11-10 12:07:09 Error: [MissingControllerException] Controller class Wpad.datController could not be found.
Exception Attributes: array (
  'class' => 'Wpad.datController',
  'plugin' => NULL,
)
Request URL: /wpad.dat
Stack Trace:
#0 C:\xampp\htdocs\app\webroot\index.php(118): Dispatcher->dispatch(Object(CakeRequest), Object(CakeResponse))
#1 {main}
2015-11-10 12:07:09 Error: [MissingControllerException] Controller class Wpad.datController could not be found.
Exception Attributes: array (
  'class' => 'Wpad.datController',
  'plugin' => NULL,
)
Request URL: /wpad.dat
Stack Trace:
#0 C:\xampp\htdocs\app\webroot\index.php(118): Dispatcher->dispatch(Object(CakeRequest), Object(CakeResponse))
#1 {main}
2015-11-10 12:07:10 Error: [MissingControllerException] Controller class Wpad.datController could not be found.
Exception Attributes: array (
  'class' => 'Wpad.datController',
  'plugin' => NULL,
)
Request URL: /wpad.dat
Stack Trace:
#0 C:\xampp\htdocs\app\webroot\index.php(118): Dispatcher->dispatch(Object(CakeRequest), Object(CakeResponse))
#1 {main}
2015-11-10 12:07:10 Error: [MissingControllerException] Controller class Wpad.datController could not be found.
Exception Attributes: array (
  'class' => 'Wpad.datController',
  'plugin' => NULL,
)
Request URL: /wpad.dat
Stack Trace:
#0 C:\xampp\htdocs\app\webroot\index.php(118): Dispatcher->dispatch(Object(CakeRequest), Object(CakeResponse))
#1 {main}
2015-11-10 12:07:10 Error: [MissingControllerException] Controller class Wpad.datController could not be found.
Exception Attributes: array (
  'class' => 'Wpad.datController',
  'plugin' => NULL,
)
Request URL: /wpad.dat
Stack Trace:
#0 C:\xampp\htdocs\app\webroot\index.php(118): Dispatcher->dispatch(Object(CakeRequest), Object(CakeResponse))
#1 {main}
2015-11-10 12:07:10 Error: [MissingControllerException] Controller class Wpad.datController could not be found.
Exception Attributes: array (
  'class' => 'Wpad.datController',
  'plugin' => NULL,
)
Request URL: /wpad.dat
Stack Trace:
#0 C:\xampp\htdocs\app\webroot\index.php(118): Dispatcher->dispatch(Object(CakeRequest), Object(CakeResponse))
#1 {main}
2015-11-10 12:07:10 Error: [MissingControllerException] Controller class Wpad.datController could not be found.
Exception Attributes: array (
  'class' => 'Wpad.datController',
  'plugin' => NULL,
)
Request URL: /wpad.dat
Stack Trace:
#0 C:\xampp\htdocs\app\webroot\index.php(118): Dispatcher->dispatch(Object(CakeRequest), Object(CakeResponse))
#1 {main}
2015-11-10 12:07:10 Error: [MissingControllerException] Controller class Wpad.datController could not be found.
Exception Attributes: array (
  'class' => 'Wpad.datController',
  'plugin' => NULL,
)
Request URL: /wpad.dat
Stack Trace:
#0 C:\xampp\htdocs\app\webroot\index.php(118): Dispatcher->dispatch(Object(CakeRequest), Object(CakeResponse))
#1 {main}
2015-11-10 12:07:10 Error: [MissingControllerException] Controller class Wpad.datController could not be found.
Exception Attributes: array (
  'class' => 'Wpad.datController',
  'plugin' => NULL,
)
Request URL: /wpad.dat
Stack Trace:
#0 C:\xampp\htdocs\app\webroot\index.php(118): Dispatcher->dispatch(Object(CakeRequest), Object(CakeResponse))
#1 {main}
2015-11-10 12:07:10 Error: [MissingControllerException] Controller class Wpad.datController could not be found.
Exception Attributes: array (
  'class' => 'Wpad.datController',
  'plugin' => NULL,
)
Request URL: /wpad.dat
Stack Trace:
#0 C:\xampp\htdocs\app\webroot\index.php(118): Dispatcher->dispatch(Object(CakeRequest), Object(CakeResponse))
#1 {main}
2015-11-10 12:07:10 Error: [MissingControllerException] Controller class Wpad.datController could not be found.
Exception Attributes: array (
  'class' => 'Wpad.datController',
  'plugin' => NULL,
)
Request URL: /wpad.dat
Stack Trace:
#0 C:\xampp\htdocs\app\webroot\index.php(118): Dispatcher->dispatch(Object(CakeRequest), Object(CakeResponse))
#1 {main}
2015-11-10 12:07:11 Error: [MissingControllerException] Controller class Wpad.datController could not be found.
Exception Attributes: array (
  'class' => 'Wpad.datController',
  'plugin' => NULL,
)
Request URL: /wpad.dat
Stack Trace:
#0 C:\xampp\htdocs\app\webroot\index.php(118): Dispatcher->dispatch(Object(CakeRequest), Object(CakeResponse))
#1 {main}
2015-11-10 12:07:58 Error: [MissingControllerException] Controller class Wpad.datController could not be found.
Exception Attributes: array (
  'class' => 'Wpad.datController',
  'plugin' => NULL,
)
Request URL: /wpad.dat
Stack Trace:
#0 C:\xampp\htdocs\app\webroot\index.php(118): Dispatcher->dispatch(Object(CakeRequest), Object(CakeResponse))
#1 {main}
2015-11-10 12:08:54 Error: [MissingControllerException] Controller class Wpad.datController could not be found.
Exception Attributes: array (
  'class' => 'Wpad.datController',
  'plugin' => NULL,
)
Request URL: /wpad.dat
Stack Trace:
#0 C:\xampp\htdocs\app\webroot\index.php(118): Dispatcher->dispatch(Object(CakeRequest), Object(CakeResponse))
#1 {main}
2015-11-10 12:08:55 Error: [MissingControllerException] Controller class Wpad.datController could not be found.
Exception Attributes: array (
  'class' => 'Wpad.datController',
  'plugin' => NULL,
)
Request URL: /wpad.dat
Stack Trace:
#0 C:\xampp\htdocs\app\webroot\index.php(118): Dispatcher->dispatch(Object(CakeRequest), Object(CakeResponse))
#1 {main}
2015-11-10 12:11:46 Error: [MissingControllerException] Controller class Wpad.datController could not be found.
Exception Attributes: array (
  'class' => 'Wpad.datController',
  'plugin' => NULL,
)
Request URL: /wpad.dat
Stack Trace:
#0 C:\xampp\htdocs\app\webroot\index.php(118): Dispatcher->dispatch(Object(CakeRequest), Object(CakeResponse))
#1 {main}
2015-11-10 12:11:46 Error: [MissingControllerException] Controller class Wpad.datController could not be found.
Exception Attributes: array (
  'class' => 'Wpad.datController',
  'plugin' => NULL,
)
Request URL: /wpad.dat
Stack Trace:
#0 C:\xampp\htdocs\app\webroot\index.php(118): Dispatcher->dispatch(Object(CakeRequest), Object(CakeResponse))
#1 {main}
2015-11-10 12:13:31 Error: [MissingControllerException] Controller class Wpad.datController could not be found.
Exception Attributes: array (
  'class' => 'Wpad.datController',
  'plugin' => NULL,
)
Request URL: /wpad.dat
Stack Trace:
#0 C:\xampp\htdocs\app\webroot\index.php(118): Dispatcher->dispatch(Object(CakeRequest), Object(CakeResponse))
#1 {main}
2015-11-10 12:18:16 Error: [MissingControllerException] Controller class Wpad.datController could not be found.
Exception Attributes: array (
  'class' => 'Wpad.datController',
  'plugin' => NULL,
)
Request URL: /wpad.dat
Stack Trace:
#0 C:\xampp\htdocs\app\webroot\index.php(118): Dispatcher->dispatch(Object(CakeRequest), Object(CakeResponse))
#1 {main}
2015-11-12 19:32:04 Error: [PDOException] SQLSTATE[42000]: Syntax error or access violation: 1064 You have an error in your SQL syntax; check the manual that corresponds to your MySQL server version for the right syntax to use near 'order = ('Recipe.CommentsCount')' at line 1
Request URL: /
Stack Trace:
#0 C:\xampp\htdocs\lib\Cake\Model\Datasource\DboSource.php(460): PDOStatement->execute(Array)
#1 C:\xampp\htdocs\lib\Cake\Model\Datasource\DboSource.php(426): DboSource->_execute('SELECT `Recipe`...', Array)
#2 C:\xampp\htdocs\lib\Cake\Model\Datasource\DboSource.php(668): DboSource->execute('SELECT `Recipe`...', Array, Array)
#3 C:\xampp\htdocs\lib\Cake\Model\Datasource\DboSource.php(1106): DboSource->fetchAll('SELECT `Recipe`...', false)
#4 C:\xampp\htdocs\lib\Cake\Model\Model.php(3022): DboSource->read(Object(Recipe), Array)
#5 C:\xampp\htdocs\lib\Cake\Model\Model.php(2994): Model->_readDataSource('all', Array)
#6 C:\xampp\htdocs\app\Controller\RecipesController.php(59): Model->find('all', Array)
#7 [internal function]: RecipesController->all()
#8 C:\xampp\htdocs\lib\Cake\Controller\Controller.php(490): ReflectionMethod->invokeArgs(Object(RecipesController), Array)
#9 C:\xampp\htdocs\lib\Cake\Routing\Dispatcher.php(193): Controller->invokeAction(Object(CakeRequest))
#10 C:\xampp\htdocs\lib\Cake\Routing\Dispatcher.php(167): Dispatcher->_invoke(Object(RecipesController), Object(CakeRequest))
#11 C:\xampp\htdocs\app\webroot\index.php(118): Dispatcher->dispatch(Object(CakeRequest), Object(CakeResponse))
#12 {main}
2015-11-12 19:32:28 Error: [PDOException] SQLSTATE[42000]: Syntax error or access violation: 1064 You have an error in your SQL syntax; check the manual that corresponds to your MySQL server version for the right syntax to use near 'order = ('Recipe.CommentsCount')' at line 1
Request URL: /
Stack Trace:
#0 C:\xampp\htdocs\lib\Cake\Model\Datasource\DboSource.php(460): PDOStatement->execute(Array)
#1 C:\xampp\htdocs\lib\Cake\Model\Datasource\DboSource.php(426): DboSource->_execute('SELECT `Recipe`...', Array)
#2 C:\xampp\htdocs\lib\Cake\Model\Datasource\DboSource.php(668): DboSource->execute('SELECT `Recipe`...', Array, Array)
#3 C:\xampp\htdocs\lib\Cake\Model\Datasource\DboSource.php(1106): DboSource->fetchAll('SELECT `Recipe`...', false)
#4 C:\xampp\htdocs\lib\Cake\Model\Model.php(3022): DboSource->read(Object(Recipe), Array)
#5 C:\xampp\htdocs\lib\Cake\Model\Model.php(2994): Model->_readDataSource('all', Array)
#6 C:\xampp\htdocs\app\Controller\RecipesController.php(59): Model->find('all', Array)
#7 [internal function]: RecipesController->all()
#8 C:\xampp\htdocs\lib\Cake\Controller\Controller.php(490): ReflectionMethod->invokeArgs(Object(RecipesController), Array)
#9 C:\xampp\htdocs\lib\Cake\Routing\Dispatcher.php(193): Controller->invokeAction(Object(CakeRequest))
#10 C:\xampp\htdocs\lib\Cake\Routing\Dispatcher.php(167): Dispatcher->_invoke(Object(RecipesController), Object(CakeRequest))
#11 C:\xampp\htdocs\app\webroot\index.php(118): Dispatcher->dispatch(Object(CakeRequest), Object(CakeResponse))
#12 {main}
2015-11-12 19:33:09 Error: [PDOException] SQLSTATE[42000]: Syntax error or access violation: 1064 You have an error in your SQL syntax; check the manual that corresponds to your MySQL server version for the right syntax to use near 'order = ('Recipe.CommentsCount DESC')' at line 1
Request URL: /
Stack Trace:
#0 C:\xampp\htdocs\lib\Cake\Model\Datasource\DboSource.php(460): PDOStatement->execute(Array)
#1 C:\xampp\htdocs\lib\Cake\Model\Datasource\DboSource.php(426): DboSource->_execute('SELECT `Recipe`...', Array)
#2 C:\xampp\htdocs\lib\Cake\Model\Datasource\DboSource.php(668): DboSource->execute('SELECT `Recipe`...', Array, Array)
#3 C:\xampp\htdocs\lib\Cake\Model\Datasource\DboSource.php(1106): DboSource->fetchAll('SELECT `Recipe`...', false)
#4 C:\xampp\htdocs\lib\Cake\Model\Model.php(3022): DboSource->read(Object(Recipe), Array)
#5 C:\xampp\htdocs\lib\Cake\Model\Model.php(2994): Model->_readDataSource('all', Array)
#6 C:\xampp\htdocs\app\Controller\RecipesController.php(59): Model->find('all', Array)
#7 [internal function]: RecipesController->all()
#8 C:\xampp\htdocs\lib\Cake\Controller\Controller.php(490): ReflectionMethod->invokeArgs(Object(RecipesController), Array)
#9 C:\xampp\htdocs\lib\Cake\Routing\Dispatcher.php(193): Controller->invokeAction(Object(CakeRequest))
#10 C:\xampp\htdocs\lib\Cake\Routing\Dispatcher.php(167): Dispatcher->_invoke(Object(RecipesController), Object(CakeRequest))
#11 C:\xampp\htdocs\app\webroot\index.php(118): Dispatcher->dispatch(Object(CakeRequest), Object(CakeResponse))
#12 {main}
2015-11-12 19:33:25 Error: [PDOException] SQLSTATE[42S22]: Column not found: 1054 Unknown column 'order' in 'where clause'
Request URL: /
Stack Trace:
#0 C:\xampp\htdocs\lib\Cake\Model\Datasource\DboSource.php(460): PDOStatement->execute(Array)
#1 C:\xampp\htdocs\lib\Cake\Model\Datasource\DboSource.php(426): DboSource->_execute('SELECT `Recipe`...', Array)
#2 C:\xampp\htdocs\lib\Cake\Model\Datasource\DboSource.php(668): DboSource->execute('SELECT `Recipe`...', Array, Array)
#3 C:\xampp\htdocs\lib\Cake\Model\Datasource\DboSource.php(1106): DboSource->fetchAll('SELECT `Recipe`...', false)
#4 C:\xampp\htdocs\lib\Cake\Model\Model.php(3022): DboSource->read(Object(Recipe), Array)
#5 C:\xampp\htdocs\lib\Cake\Model\Model.php(2994): Model->_readDataSource('all', Array)
#6 C:\xampp\htdocs\app\Controller\RecipesController.php(59): Model->find('all', Array)
#7 [internal function]: RecipesController->all()
#8 C:\xampp\htdocs\lib\Cake\Controller\Controller.php(490): ReflectionMethod->invokeArgs(Object(RecipesController), Array)
#9 C:\xampp\htdocs\lib\Cake\Routing\Dispatcher.php(193): Controller->invokeAction(Object(CakeRequest))
#10 C:\xampp\htdocs\lib\Cake\Routing\Dispatcher.php(167): Dispatcher->_invoke(Object(RecipesController), Object(CakeRequest))
#11 C:\xampp\htdocs\app\webroot\index.php(118): Dispatcher->dispatch(Object(CakeRequest), Object(CakeResponse))
#12 {main}
2015-11-12 19:37:43 Error: Fatal Error (1): Cannot access empty property in [C:\xampp\htdocs\app\Controller\RecipesController.php, line 60]
2015-11-12 19:37:43 Error: [FatalErrorException] Cannot access empty property
Request URL: /
Stack Trace:
#0 C:\xampp\htdocs\lib\Cake\Error\ErrorHandler.php(213): ErrorHandler::handleFatalError(1, 'Cannot access e...', 'C:\\xampp\\htdocs...', 60)
#1 [internal function]: ErrorHandler::handleError(1, 'Cannot access e...', 'C:\\xampp\\htdocs...', 60, Array)
#2 C:\xampp\htdocs\lib\Cake\Core\App.php(931): call_user_func('ErrorHandler::h...', 1, 'Cannot access e...', 'C:\\xampp\\htdocs...', 60, Array)
#3 C:\xampp\htdocs\lib\Cake\Core\App.php(904): App::_checkFatalError()
#4 [internal function]: App::shutdown()
#5 {main}
